{"/home/leticia/Documentos/frontend/pomodoro-app/src/services/helpers.js": {"path":"/home/leticia/Documentos/frontend/pomodoro-app/src/services/helpers.js","all":false,"statementMap":{"0":{"start":{"line":1,"column":0},"end":{"line":1,"column":36}},"1":{"start":{"line":2,"column":0},"end":{"line":2,"column":25}},"2":{"start":{"line":3,"column":0},"end":{"line":3,"column":16}},"3":{"start":{"line":4,"column":0},"end":{"line":4,"column":1}}},"s":{"0":1,"1":3,"2":2,"3":2},"branchMap":{"0":{"type":"branch","line":2,"loc":{"start":{"line":2,"column":-1},"end":{"line":4,"column":1}},"locations":[{"start":{"line":2,"column":-1},"end":{"line":4,"column":1}}]},"1":{"type":"branch","line":2,"loc":{"start":{"line":2,"column":16},"end":{"line":2,"column":25}},"locations":[{"start":{"line":2,"column":16},"end":{"line":2,"column":25}}]},"2":{"type":"branch","line":3,"loc":{"start":{"line":3,"column":-1},"end":{"line":4,"column":1}},"locations":[{"start":{"line":3,"column":-1},"end":{"line":4,"column":1}}]}},"b":{"0":[3],"1":[1],"2":[2]},"fnMap":{"0":{"name":"generateID","decl":{"start":{"line":2,"column":-1},"end":{"line":4,"column":1}},"loc":{"start":{"line":2,"column":-1},"end":{"line":4,"column":1}},"line":2}},"f":{"0":3}}
}
